<?xml version="1.0" encoding="UTF-8"?>
<testsuite xmlns:xsi="http://www.w3.org/2001/XMLSchema-instance" xsi:noNamespaceSchemaLocation="https://maven.apache.org/surefire/maven-surefire-plugin/xsd/surefire-test-report-3.0.xsd" version="3.0" name="com.example.testcontainers.demo.player.PlayerControllerTest" time="31.616" tests="1" errors="0" skipped="0" failures="0">
  <properties>
    <property name="java.specification.version" value="20"/>
    <property name="sun.jnu.encoding" value="UTF-8"/>
    <property name="java.class.path" value="/Users/parveshbhardwaj/Documents/citizen/pocs/demo-testcontainers/target/test-classes:/Users/parveshbhardwaj/Documents/citizen/pocs/demo-testcontainers/target/classes:/Users/parveshbhardwaj/.m2/repository/org/springframework/boot/spring-boot-starter-data-jpa/3.1.5/spring-boot-starter-data-jpa-3.1.5.jar:/Users/parveshbhardwaj/.m2/repository/org/springframework/boot/spring-boot-starter-aop/3.1.5/spring-boot-starter-aop-3.1.5.jar:/Users/parveshbhardwaj/.m2/repository/org/springframework/spring-aop/6.0.13/spring-aop-6.0.13.jar:/Users/parveshbhardwaj/.m2/repository/org/aspectj/aspectjweaver/1.9.20/aspectjweaver-1.9.20.jar:/Users/parveshbhardwaj/.m2/repository/org/hibernate/orm/hibernate-core/6.2.13.Final/hibernate-core-6.2.13.Final.jar:/Users/parveshbhardwaj/.m2/repository/jakarta/persistence/jakarta.persistence-api/3.1.0/jakarta.persistence-api-3.1.0.jar:/Users/parveshbhardwaj/.m2/repository/jakarta/transaction/jakarta.transaction-api/2.0.1/jakarta.transaction-api-2.0.1.jar:/Users/parveshbhardwaj/.m2/repository/org/jboss/logging/jboss-logging/3.5.3.Final/jboss-logging-3.5.3.Final.jar:/Users/parveshbhardwaj/.m2/repository/org/hibernate/common/hibernate-commons-annotations/6.0.6.Final/hibernate-commons-annotations-6.0.6.Final.jar:/Users/parveshbhardwaj/.m2/repository/io/smallrye/jandex/3.0.5/jandex-3.0.5.jar:/Users/parveshbhardwaj/.m2/repository/com/fasterxml/classmate/1.5.1/classmate-1.5.1.jar:/Users/parveshbhardwaj/.m2/repository/net/bytebuddy/byte-buddy/1.14.9/byte-buddy-1.14.9.jar:/Users/parveshbhardwaj/.m2/repository/org/glassfish/jaxb/jaxb-runtime/4.0.3/jaxb-runtime-4.0.3.jar:/Users/parveshbhardwaj/.m2/repository/org/glassfish/jaxb/jaxb-core/4.0.3/jaxb-core-4.0.3.jar:/Users/parveshbhardwaj/.m2/repository/org/eclipse/angus/angus-activation/2.0.1/angus-activation-2.0.1.jar:/Users/parveshbhardwaj/.m2/repository/org/glassfish/jaxb/txw2/4.0.3/txw2-4.0.3.jar:/Users/parveshbhardwaj/.m2/repository/com/sun/istack/istack-commons-runtime/4.1.2/istack-commons-runtime-4.1.2.jar:/Users/parveshbhardwaj/.m2/repository/jakarta/inject/jakarta.inject-api/2.0.1/jakarta.inject-api-2.0.1.jar:/Users/parveshbhardwaj/.m2/repository/org/antlr/antlr4-runtime/4.10.1/antlr4-runtime-4.10.1.jar:/Users/parveshbhardwaj/.m2/repository/org/springframework/data/spring-data-jpa/3.1.5/spring-data-jpa-3.1.5.jar:/Users/parveshbhardwaj/.m2/repository/org/springframework/data/spring-data-commons/3.1.5/spring-data-commons-3.1.5.jar:/Users/parveshbhardwaj/.m2/repository/org/springframework/spring-orm/6.0.13/spring-orm-6.0.13.jar:/Users/parveshbhardwaj/.m2/repository/org/springframework/spring-context/6.0.13/spring-context-6.0.13.jar:/Users/parveshbhardwaj/.m2/repository/org/springframework/spring-tx/6.0.13/spring-tx-6.0.13.jar:/Users/parveshbhardwaj/.m2/repository/org/springframework/spring-beans/6.0.13/spring-beans-6.0.13.jar:/Users/parveshbhardwaj/.m2/repository/jakarta/annotation/jakarta.annotation-api/2.1.1/jakarta.annotation-api-2.1.1.jar:/Users/parveshbhardwaj/.m2/repository/org/slf4j/slf4j-api/2.0.9/slf4j-api-2.0.9.jar:/Users/parveshbhardwaj/.m2/repository/org/springframework/spring-aspects/6.0.13/spring-aspects-6.0.13.jar:/Users/parveshbhardwaj/.m2/repository/org/springframework/boot/spring-boot-starter-jdbc/3.1.5/spring-boot-starter-jdbc-3.1.5.jar:/Users/parveshbhardwaj/.m2/repository/org/springframework/boot/spring-boot-starter/3.1.5/spring-boot-starter-3.1.5.jar:/Users/parveshbhardwaj/.m2/repository/org/springframework/boot/spring-boot/3.1.5/spring-boot-3.1.5.jar:/Users/parveshbhardwaj/.m2/repository/org/springframework/boot/spring-boot-starter-logging/3.1.5/spring-boot-starter-logging-3.1.5.jar:/Users/parveshbhardwaj/.m2/repository/ch/qos/logback/logback-classic/1.4.11/logback-classic-1.4.11.jar:/Users/parveshbhardwaj/.m2/repository/ch/qos/logback/logback-core/1.4.11/logback-core-1.4.11.jar:/Users/parveshbhardwaj/.m2/repository/org/apache/logging/log4j/log4j-to-slf4j/2.20.0/log4j-to-slf4j-2.20.0.jar:/Users/parveshbhardwaj/.m2/repository/org/apache/logging/log4j/log4j-api/2.20.0/log4j-api-2.20.0.jar:/Users/parveshbhardwaj/.m2/repository/org/slf4j/jul-to-slf4j/2.0.9/jul-to-slf4j-2.0.9.jar:/Users/parveshbhardwaj/.m2/repository/com/zaxxer/HikariCP/5.0.1/HikariCP-5.0.1.jar:/Users/parveshbhardwaj/.m2/repository/org/springframework/spring-jdbc/6.0.13/spring-jdbc-6.0.13.jar:/Users/parveshbhardwaj/.m2/repository/org/springframework/boot/spring-boot-starter-web/3.1.5/spring-boot-starter-web-3.1.5.jar:/Users/parveshbhardwaj/.m2/repository/org/springframework/boot/spring-boot-starter-json/3.1.5/spring-boot-starter-json-3.1.5.jar:/Users/parveshbhardwaj/.m2/repository/com/fasterxml/jackson/core/jackson-databind/2.15.3/jackson-databind-2.15.3.jar:/Users/parveshbhardwaj/.m2/repository/com/fasterxml/jackson/core/jackson-annotations/2.15.3/jackson-annotations-2.15.3.jar:/Users/parveshbhardwaj/.m2/repository/com/fasterxml/jackson/core/jackson-core/2.15.3/jackson-core-2.15.3.jar:/Users/parveshbhardwaj/.m2/repository/com/fasterxml/jackson/datatype/jackson-datatype-jdk8/2.15.3/jackson-datatype-jdk8-2.15.3.jar:/Users/parveshbhardwaj/.m2/repository/com/fasterxml/jackson/datatype/jackson-datatype-jsr310/2.15.3/jackson-datatype-jsr310-2.15.3.jar:/Users/parveshbhardwaj/.m2/repository/com/fasterxml/jackson/module/jackson-module-parameter-names/2.15.3/jackson-module-parameter-names-2.15.3.jar:/Users/parveshbhardwaj/.m2/repository/org/springframework/boot/spring-boot-starter-tomcat/3.1.5/spring-boot-starter-tomcat-3.1.5.jar:/Users/parveshbhardwaj/.m2/repository/org/apache/tomcat/embed/tomcat-embed-core/10.1.15/tomcat-embed-core-10.1.15.jar:/Users/parveshbhardwaj/.m2/repository/org/apache/tomcat/embed/tomcat-embed-el/10.1.15/tomcat-embed-el-10.1.15.jar:/Users/parveshbhardwaj/.m2/repository/org/apache/tomcat/embed/tomcat-embed-websocket/10.1.15/tomcat-embed-websocket-10.1.15.jar:/Users/parveshbhardwaj/.m2/repository/org/springframework/spring-web/6.0.13/spring-web-6.0.13.jar:/Users/parveshbhardwaj/.m2/repository/io/micrometer/micrometer-observation/1.11.5/micrometer-observation-1.11.5.jar:/Users/parveshbhardwaj/.m2/repository/io/micrometer/micrometer-commons/1.11.5/micrometer-commons-1.11.5.jar:/Users/parveshbhardwaj/.m2/repository/org/springframework/spring-webmvc/6.0.13/spring-webmvc-6.0.13.jar:/Users/parveshbhardwaj/.m2/repository/org/springframework/spring-expression/6.0.13/spring-expression-6.0.13.jar:/Users/parveshbhardwaj/.m2/repository/org/postgresql/postgresql/42.6.0/postgresql-42.6.0.jar:/Users/parveshbhardwaj/.m2/repository/org/checkerframework/checker-qual/3.31.0/checker-qual-3.31.0.jar:/Users/parveshbhardwaj/.m2/repository/org/springframework/boot/spring-boot-starter-test/3.1.5/spring-boot-starter-test-3.1.5.jar:/Users/parveshbhardwaj/.m2/repository/org/springframework/boot/spring-boot-test/3.1.5/spring-boot-test-3.1.5.jar:/Users/parveshbhardwaj/.m2/repository/org/springframework/boot/spring-boot-test-autoconfigure/3.1.5/spring-boot-test-autoconfigure-3.1.5.jar:/Users/parveshbhardwaj/.m2/repository/com/jayway/jsonpath/json-path/2.8.0/json-path-2.8.0.jar:/Users/parveshbhardwaj/.m2/repository/jakarta/xml/bind/jakarta.xml.bind-api/4.0.1/jakarta.xml.bind-api-4.0.1.jar:/Users/parveshbhardwaj/.m2/repository/jakarta/activation/jakarta.activation-api/2.1.2/jakarta.activation-api-2.1.2.jar:/Users/parveshbhardwaj/.m2/repository/net/minidev/json-smart/2.4.11/json-smart-2.4.11.jar:/Users/parveshbhardwaj/.m2/repository/net/minidev/accessors-smart/2.4.11/accessors-smart-2.4.11.jar:/Users/parveshbhardwaj/.m2/repository/org/ow2/asm/asm/9.3/asm-9.3.jar:/Users/parveshbhardwaj/.m2/repository/org/assertj/assertj-core/3.24.2/assertj-core-3.24.2.jar:/Users/parveshbhardwaj/.m2/repository/org/hamcrest/hamcrest/2.2/hamcrest-2.2.jar:/Users/parveshbhardwaj/.m2/repository/org/junit/jupiter/junit-jupiter/5.9.3/junit-jupiter-5.9.3.jar:/Users/parveshbhardwaj/.m2/repository/org/junit/jupiter/junit-jupiter-api/5.9.3/junit-jupiter-api-5.9.3.jar:/Users/parveshbhardwaj/.m2/repository/org/opentest4j/opentest4j/1.2.0/opentest4j-1.2.0.jar:/Users/parveshbhardwaj/.m2/repository/org/junit/platform/junit-platform-commons/1.9.3/junit-platform-commons-1.9.3.jar:/Users/parveshbhardwaj/.m2/repository/org/apiguardian/apiguardian-api/1.1.2/apiguardian-api-1.1.2.jar:/Users/parveshbhardwaj/.m2/repository/org/junit/jupiter/junit-jupiter-params/5.9.3/junit-jupiter-params-5.9.3.jar:/Users/parveshbhardwaj/.m2/repository/org/junit/jupiter/junit-jupiter-engine/5.9.3/junit-jupiter-engine-5.9.3.jar:/Users/parveshbhardwaj/.m2/repository/org/junit/platform/junit-platform-engine/1.9.3/junit-platform-engine-1.9.3.jar:/Users/parveshbhardwaj/.m2/repository/org/mockito/mockito-core/5.3.1/mockito-core-5.3.1.jar:/Users/parveshbhardwaj/.m2/repository/net/bytebuddy/byte-buddy-agent/1.14.9/byte-buddy-agent-1.14.9.jar:/Users/parveshbhardwaj/.m2/repository/org/objenesis/objenesis/3.3/objenesis-3.3.jar:/Users/parveshbhardwaj/.m2/repository/org/mockito/mockito-junit-jupiter/5.3.1/mockito-junit-jupiter-5.3.1.jar:/Users/parveshbhardwaj/.m2/repository/org/skyscreamer/jsonassert/1.5.1/jsonassert-1.5.1.jar:/Users/parveshbhardwaj/.m2/repository/com/vaadin/external/google/android-json/0.0.20131108.vaadin1/android-json-0.0.20131108.vaadin1.jar:/Users/parveshbhardwaj/.m2/repository/org/springframework/spring-core/6.0.13/spring-core-6.0.13.jar:/Users/parveshbhardwaj/.m2/repository/org/springframework/spring-jcl/6.0.13/spring-jcl-6.0.13.jar:/Users/parveshbhardwaj/.m2/repository/org/springframework/spring-test/6.0.13/spring-test-6.0.13.jar:/Users/parveshbhardwaj/.m2/repository/org/xmlunit/xmlunit-core/2.9.1/xmlunit-core-2.9.1.jar:/Users/parveshbhardwaj/.m2/repository/org/springframework/boot/spring-boot-testcontainers/3.1.5/spring-boot-testcontainers-3.1.5.jar:/Users/parveshbhardwaj/.m2/repository/org/springframework/boot/spring-boot-autoconfigure/3.1.5/spring-boot-autoconfigure-3.1.5.jar:/Users/parveshbhardwaj/.m2/repository/org/testcontainers/testcontainers/1.18.3/testcontainers-1.18.3.jar:/Users/parveshbhardwaj/.m2/repository/junit/junit/4.13.2/junit-4.13.2.jar:/Users/parveshbhardwaj/.m2/repository/org/hamcrest/hamcrest-core/2.2/hamcrest-core-2.2.jar:/Users/parveshbhardwaj/.m2/repository/org/apache/commons/commons-compress/1.23.0/commons-compress-1.23.0.jar:/Users/parveshbhardwaj/.m2/repository/org/rnorth/duct-tape/duct-tape/1.0.8/duct-tape-1.0.8.jar:/Users/parveshbhardwaj/.m2/repository/org/jetbrains/annotations/17.0.0/annotations-17.0.0.jar:/Users/parveshbhardwaj/.m2/repository/com/github/docker-java/docker-java-api/3.3.0/docker-java-api-3.3.0.jar:/Users/parveshbhardwaj/.m2/repository/com/github/docker-java/docker-java-transport-zerodep/3.3.0/docker-java-transport-zerodep-3.3.0.jar:/Users/parveshbhardwaj/.m2/repository/com/github/docker-java/docker-java-transport/3.3.0/docker-java-transport-3.3.0.jar:/Users/parveshbhardwaj/.m2/repository/net/java/dev/jna/jna/5.12.1/jna-5.12.1.jar:/Users/parveshbhardwaj/.m2/repository/org/testcontainers/junit-jupiter/1.18.3/junit-jupiter-1.18.3.jar:/Users/parveshbhardwaj/.m2/repository/org/testcontainers/postgresql/1.18.3/postgresql-1.18.3.jar:/Users/parveshbhardwaj/.m2/repository/org/testcontainers/jdbc/1.18.3/jdbc-1.18.3.jar:/Users/parveshbhardwaj/.m2/repository/org/testcontainers/database-commons/1.18.3/database-commons-1.18.3.jar:/Users/parveshbhardwaj/.m2/repository/org/liquibase/liquibase-core/4.23.1/liquibase-core-4.23.1.jar:/Users/parveshbhardwaj/.m2/repository/com/opencsv/opencsv/5.7.1/opencsv-5.7.1.jar:/Users/parveshbhardwaj/.m2/repository/org/apache/commons/commons-lang3/3.12.0/commons-lang3-3.12.0.jar:/Users/parveshbhardwaj/.m2/repository/org/apache/commons/commons-text/1.10.0/commons-text-1.10.0.jar:/Users/parveshbhardwaj/.m2/repository/org/apache/commons/commons-collections4/4.4/commons-collections4-4.4.jar:/Users/parveshbhardwaj/.m2/repository/org/yaml/snakeyaml/1.33/snakeyaml-1.33.jar:/Users/parveshbhardwaj/.m2/repository/javax/xml/bind/jaxb-api/2.3.1/jaxb-api-2.3.1.jar:/Users/parveshbhardwaj/.m2/repository/javax/activation/javax.activation-api/1.2.0/javax.activation-api-1.2.0.jar:"/>
    <property name="java.vm.vendor" value="Oracle Corporation"/>
    <property name="sun.arch.data.model" value="64"/>
    <property name="java.vendor.url" value="https://java.oracle.com/"/>
    <property name="catalina.useNaming" value="false"/>
    <property name="user.timezone" value="Asia/Kolkata"/>
    <property name="org.jboss.logging.provider" value="slf4j"/>
    <property name="os.name" value="Mac OS X"/>
    <property name="java.vm.specification.version" value="20"/>
    <property name="sun.java.launcher" value="SUN_STANDARD"/>
    <property name="user.country" value="IN"/>
    <property name="sun.boot.library.path" value="/Users/parveshbhardwaj/Library/Java/JavaVirtualMachines/openjdk-20.0.2/Contents/Home/lib"/>
    <property name="sun.java.command" value="/Users/parveshbhardwaj/Documents/citizen/pocs/demo-testcontainers/target/surefire/surefirebooter-20231129153938848_3.jar /Users/parveshbhardwaj/Documents/citizen/pocs/demo-testcontainers/target/surefire 2023-11-29T15-39-38_394-jvmRun1 surefire-20231129153938848_1tmp surefire_0-20231129153938848_2tmp"/>
    <property name="jdk.debug" value="release"/>
    <property name="surefire.test.class.path" value="/Users/parveshbhardwaj/Documents/citizen/pocs/demo-testcontainers/target/test-classes:/Users/parveshbhardwaj/Documents/citizen/pocs/demo-testcontainers/target/classes:/Users/parveshbhardwaj/.m2/repository/org/springframework/boot/spring-boot-starter-data-jpa/3.1.5/spring-boot-starter-data-jpa-3.1.5.jar:/Users/parveshbhardwaj/.m2/repository/org/springframework/boot/spring-boot-starter-aop/3.1.5/spring-boot-starter-aop-3.1.5.jar:/Users/parveshbhardwaj/.m2/repository/org/springframework/spring-aop/6.0.13/spring-aop-6.0.13.jar:/Users/parveshbhardwaj/.m2/repository/org/aspectj/aspectjweaver/1.9.20/aspectjweaver-1.9.20.jar:/Users/parveshbhardwaj/.m2/repository/org/hibernate/orm/hibernate-core/6.2.13.Final/hibernate-core-6.2.13.Final.jar:/Users/parveshbhardwaj/.m2/repository/jakarta/persistence/jakarta.persistence-api/3.1.0/jakarta.persistence-api-3.1.0.jar:/Users/parveshbhardwaj/.m2/repository/jakarta/transaction/jakarta.transaction-api/2.0.1/jakarta.transaction-api-2.0.1.jar:/Users/parveshbhardwaj/.m2/repository/org/jboss/logging/jboss-logging/3.5.3.Final/jboss-logging-3.5.3.Final.jar:/Users/parveshbhardwaj/.m2/repository/org/hibernate/common/hibernate-commons-annotations/6.0.6.Final/hibernate-commons-annotations-6.0.6.Final.jar:/Users/parveshbhardwaj/.m2/repository/io/smallrye/jandex/3.0.5/jandex-3.0.5.jar:/Users/parveshbhardwaj/.m2/repository/com/fasterxml/classmate/1.5.1/classmate-1.5.1.jar:/Users/parveshbhardwaj/.m2/repository/net/bytebuddy/byte-buddy/1.14.9/byte-buddy-1.14.9.jar:/Users/parveshbhardwaj/.m2/repository/org/glassfish/jaxb/jaxb-runtime/4.0.3/jaxb-runtime-4.0.3.jar:/Users/parveshbhardwaj/.m2/repository/org/glassfish/jaxb/jaxb-core/4.0.3/jaxb-core-4.0.3.jar:/Users/parveshbhardwaj/.m2/repository/org/eclipse/angus/angus-activation/2.0.1/angus-activation-2.0.1.jar:/Users/parveshbhardwaj/.m2/repository/org/glassfish/jaxb/txw2/4.0.3/txw2-4.0.3.jar:/Users/parveshbhardwaj/.m2/repository/com/sun/istack/istack-commons-runtime/4.1.2/istack-commons-runtime-4.1.2.jar:/Users/parveshbhardwaj/.m2/repository/jakarta/inject/jakarta.inject-api/2.0.1/jakarta.inject-api-2.0.1.jar:/Users/parveshbhardwaj/.m2/repository/org/antlr/antlr4-runtime/4.10.1/antlr4-runtime-4.10.1.jar:/Users/parveshbhardwaj/.m2/repository/org/springframework/data/spring-data-jpa/3.1.5/spring-data-jpa-3.1.5.jar:/Users/parveshbhardwaj/.m2/repository/org/springframework/data/spring-data-commons/3.1.5/spring-data-commons-3.1.5.jar:/Users/parveshbhardwaj/.m2/repository/org/springframework/spring-orm/6.0.13/spring-orm-6.0.13.jar:/Users/parveshbhardwaj/.m2/repository/org/springframework/spring-context/6.0.13/spring-context-6.0.13.jar:/Users/parveshbhardwaj/.m2/repository/org/springframework/spring-tx/6.0.13/spring-tx-6.0.13.jar:/Users/parveshbhardwaj/.m2/repository/org/springframework/spring-beans/6.0.13/spring-beans-6.0.13.jar:/Users/parveshbhardwaj/.m2/repository/jakarta/annotation/jakarta.annotation-api/2.1.1/jakarta.annotation-api-2.1.1.jar:/Users/parveshbhardwaj/.m2/repository/org/slf4j/slf4j-api/2.0.9/slf4j-api-2.0.9.jar:/Users/parveshbhardwaj/.m2/repository/org/springframework/spring-aspects/6.0.13/spring-aspects-6.0.13.jar:/Users/parveshbhardwaj/.m2/repository/org/springframework/boot/spring-boot-starter-jdbc/3.1.5/spring-boot-starter-jdbc-3.1.5.jar:/Users/parveshbhardwaj/.m2/repository/org/springframework/boot/spring-boot-starter/3.1.5/spring-boot-starter-3.1.5.jar:/Users/parveshbhardwaj/.m2/repository/org/springframework/boot/spring-boot/3.1.5/spring-boot-3.1.5.jar:/Users/parveshbhardwaj/.m2/repository/org/springframework/boot/spring-boot-starter-logging/3.1.5/spring-boot-starter-logging-3.1.5.jar:/Users/parveshbhardwaj/.m2/repository/ch/qos/logback/logback-classic/1.4.11/logback-classic-1.4.11.jar:/Users/parveshbhardwaj/.m2/repository/ch/qos/logback/logback-core/1.4.11/logback-core-1.4.11.jar:/Users/parveshbhardwaj/.m2/repository/org/apache/logging/log4j/log4j-to-slf4j/2.20.0/log4j-to-slf4j-2.20.0.jar:/Users/parveshbhardwaj/.m2/repository/org/apache/logging/log4j/log4j-api/2.20.0/log4j-api-2.20.0.jar:/Users/parveshbhardwaj/.m2/repository/org/slf4j/jul-to-slf4j/2.0.9/jul-to-slf4j-2.0.9.jar:/Users/parveshbhardwaj/.m2/repository/com/zaxxer/HikariCP/5.0.1/HikariCP-5.0.1.jar:/Users/parveshbhardwaj/.m2/repository/org/springframework/spring-jdbc/6.0.13/spring-jdbc-6.0.13.jar:/Users/parveshbhardwaj/.m2/repository/org/springframework/boot/spring-boot-starter-web/3.1.5/spring-boot-starter-web-3.1.5.jar:/Users/parveshbhardwaj/.m2/repository/org/springframework/boot/spring-boot-starter-json/3.1.5/spring-boot-starter-json-3.1.5.jar:/Users/parveshbhardwaj/.m2/repository/com/fasterxml/jackson/core/jackson-databind/2.15.3/jackson-databind-2.15.3.jar:/Users/parveshbhardwaj/.m2/repository/com/fasterxml/jackson/core/jackson-annotations/2.15.3/jackson-annotations-2.15.3.jar:/Users/parveshbhardwaj/.m2/repository/com/fasterxml/jackson/core/jackson-core/2.15.3/jackson-core-2.15.3.jar:/Users/parveshbhardwaj/.m2/repository/com/fasterxml/jackson/datatype/jackson-datatype-jdk8/2.15.3/jackson-datatype-jdk8-2.15.3.jar:/Users/parveshbhardwaj/.m2/repository/com/fasterxml/jackson/datatype/jackson-datatype-jsr310/2.15.3/jackson-datatype-jsr310-2.15.3.jar:/Users/parveshbhardwaj/.m2/repository/com/fasterxml/jackson/module/jackson-module-parameter-names/2.15.3/jackson-module-parameter-names-2.15.3.jar:/Users/parveshbhardwaj/.m2/repository/org/springframework/boot/spring-boot-starter-tomcat/3.1.5/spring-boot-starter-tomcat-3.1.5.jar:/Users/parveshbhardwaj/.m2/repository/org/apache/tomcat/embed/tomcat-embed-core/10.1.15/tomcat-embed-core-10.1.15.jar:/Users/parveshbhardwaj/.m2/repository/org/apache/tomcat/embed/tomcat-embed-el/10.1.15/tomcat-embed-el-10.1.15.jar:/Users/parveshbhardwaj/.m2/repository/org/apache/tomcat/embed/tomcat-embed-websocket/10.1.15/tomcat-embed-websocket-10.1.15.jar:/Users/parveshbhardwaj/.m2/repository/org/springframework/spring-web/6.0.13/spring-web-6.0.13.jar:/Users/parveshbhardwaj/.m2/repository/io/micrometer/micrometer-observation/1.11.5/micrometer-observation-1.11.5.jar:/Users/parveshbhardwaj/.m2/repository/io/micrometer/micrometer-commons/1.11.5/micrometer-commons-1.11.5.jar:/Users/parveshbhardwaj/.m2/repository/org/springframework/spring-webmvc/6.0.13/spring-webmvc-6.0.13.jar:/Users/parveshbhardwaj/.m2/repository/org/springframework/spring-expression/6.0.13/spring-expression-6.0.13.jar:/Users/parveshbhardwaj/.m2/repository/org/postgresql/postgresql/42.6.0/postgresql-42.6.0.jar:/Users/parveshbhardwaj/.m2/repository/org/checkerframework/checker-qual/3.31.0/checker-qual-3.31.0.jar:/Users/parveshbhardwaj/.m2/repository/org/springframework/boot/spring-boot-starter-test/3.1.5/spring-boot-starter-test-3.1.5.jar:/Users/parveshbhardwaj/.m2/repository/org/springframework/boot/spring-boot-test/3.1.5/spring-boot-test-3.1.5.jar:/Users/parveshbhardwaj/.m2/repository/org/springframework/boot/spring-boot-test-autoconfigure/3.1.5/spring-boot-test-autoconfigure-3.1.5.jar:/Users/parveshbhardwaj/.m2/repository/com/jayway/jsonpath/json-path/2.8.0/json-path-2.8.0.jar:/Users/parveshbhardwaj/.m2/repository/jakarta/xml/bind/jakarta.xml.bind-api/4.0.1/jakarta.xml.bind-api-4.0.1.jar:/Users/parveshbhardwaj/.m2/repository/jakarta/activation/jakarta.activation-api/2.1.2/jakarta.activation-api-2.1.2.jar:/Users/parveshbhardwaj/.m2/repository/net/minidev/json-smart/2.4.11/json-smart-2.4.11.jar:/Users/parveshbhardwaj/.m2/repository/net/minidev/accessors-smart/2.4.11/accessors-smart-2.4.11.jar:/Users/parveshbhardwaj/.m2/repository/org/ow2/asm/asm/9.3/asm-9.3.jar:/Users/parveshbhardwaj/.m2/repository/org/assertj/assertj-core/3.24.2/assertj-core-3.24.2.jar:/Users/parveshbhardwaj/.m2/repository/org/hamcrest/hamcrest/2.2/hamcrest-2.2.jar:/Users/parveshbhardwaj/.m2/repository/org/junit/jupiter/junit-jupiter/5.9.3/junit-jupiter-5.9.3.jar:/Users/parveshbhardwaj/.m2/repository/org/junit/jupiter/junit-jupiter-api/5.9.3/junit-jupiter-api-5.9.3.jar:/Users/parveshbhardwaj/.m2/repository/org/opentest4j/opentest4j/1.2.0/opentest4j-1.2.0.jar:/Users/parveshbhardwaj/.m2/repository/org/junit/platform/junit-platform-commons/1.9.3/junit-platform-commons-1.9.3.jar:/Users/parveshbhardwaj/.m2/repository/org/apiguardian/apiguardian-api/1.1.2/apiguardian-api-1.1.2.jar:/Users/parveshbhardwaj/.m2/repository/org/junit/jupiter/junit-jupiter-params/5.9.3/junit-jupiter-params-5.9.3.jar:/Users/parveshbhardwaj/.m2/repository/org/junit/jupiter/junit-jupiter-engine/5.9.3/junit-jupiter-engine-5.9.3.jar:/Users/parveshbhardwaj/.m2/repository/org/junit/platform/junit-platform-engine/1.9.3/junit-platform-engine-1.9.3.jar:/Users/parveshbhardwaj/.m2/repository/org/mockito/mockito-core/5.3.1/mockito-core-5.3.1.jar:/Users/parveshbhardwaj/.m2/repository/net/bytebuddy/byte-buddy-agent/1.14.9/byte-buddy-agent-1.14.9.jar:/Users/parveshbhardwaj/.m2/repository/org/objenesis/objenesis/3.3/objenesis-3.3.jar:/Users/parveshbhardwaj/.m2/repository/org/mockito/mockito-junit-jupiter/5.3.1/mockito-junit-jupiter-5.3.1.jar:/Users/parveshbhardwaj/.m2/repository/org/skyscreamer/jsonassert/1.5.1/jsonassert-1.5.1.jar:/Users/parveshbhardwaj/.m2/repository/com/vaadin/external/google/android-json/0.0.20131108.vaadin1/android-json-0.0.20131108.vaadin1.jar:/Users/parveshbhardwaj/.m2/repository/org/springframework/spring-core/6.0.13/spring-core-6.0.13.jar:/Users/parveshbhardwaj/.m2/repository/org/springframework/spring-jcl/6.0.13/spring-jcl-6.0.13.jar:/Users/parveshbhardwaj/.m2/repository/org/springframework/spring-test/6.0.13/spring-test-6.0.13.jar:/Users/parveshbhardwaj/.m2/repository/org/xmlunit/xmlunit-core/2.9.1/xmlunit-core-2.9.1.jar:/Users/parveshbhardwaj/.m2/repository/org/springframework/boot/spring-boot-testcontainers/3.1.5/spring-boot-testcontainers-3.1.5.jar:/Users/parveshbhardwaj/.m2/repository/org/springframework/boot/spring-boot-autoconfigure/3.1.5/spring-boot-autoconfigure-3.1.5.jar:/Users/parveshbhardwaj/.m2/repository/org/testcontainers/testcontainers/1.18.3/testcontainers-1.18.3.jar:/Users/parveshbhardwaj/.m2/repository/junit/junit/4.13.2/junit-4.13.2.jar:/Users/parveshbhardwaj/.m2/repository/org/hamcrest/hamcrest-core/2.2/hamcrest-core-2.2.jar:/Users/parveshbhardwaj/.m2/repository/org/apache/commons/commons-compress/1.23.0/commons-compress-1.23.0.jar:/Users/parveshbhardwaj/.m2/repository/org/rnorth/duct-tape/duct-tape/1.0.8/duct-tape-1.0.8.jar:/Users/parveshbhardwaj/.m2/repository/org/jetbrains/annotations/17.0.0/annotations-17.0.0.jar:/Users/parveshbhardwaj/.m2/repository/com/github/docker-java/docker-java-api/3.3.0/docker-java-api-3.3.0.jar:/Users/parveshbhardwaj/.m2/repository/com/github/docker-java/docker-java-transport-zerodep/3.3.0/docker-java-transport-zerodep-3.3.0.jar:/Users/parveshbhardwaj/.m2/repository/com/github/docker-java/docker-java-transport/3.3.0/docker-java-transport-3.3.0.jar:/Users/parveshbhardwaj/.m2/repository/net/java/dev/jna/jna/5.12.1/jna-5.12.1.jar:/Users/parveshbhardwaj/.m2/repository/org/testcontainers/junit-jupiter/1.18.3/junit-jupiter-1.18.3.jar:/Users/parveshbhardwaj/.m2/repository/org/testcontainers/postgresql/1.18.3/postgresql-1.18.3.jar:/Users/parveshbhardwaj/.m2/repository/org/testcontainers/jdbc/1.18.3/jdbc-1.18.3.jar:/Users/parveshbhardwaj/.m2/repository/org/testcontainers/database-commons/1.18.3/database-commons-1.18.3.jar:/Users/parveshbhardwaj/.m2/repository/org/liquibase/liquibase-core/4.23.1/liquibase-core-4.23.1.jar:/Users/parveshbhardwaj/.m2/repository/com/opencsv/opencsv/5.7.1/opencsv-5.7.1.jar:/Users/parveshbhardwaj/.m2/repository/org/apache/commons/commons-lang3/3.12.0/commons-lang3-3.12.0.jar:/Users/parveshbhardwaj/.m2/repository/org/apache/commons/commons-text/1.10.0/commons-text-1.10.0.jar:/Users/parveshbhardwaj/.m2/repository/org/apache/commons/commons-collections4/4.4/commons-collections4-4.4.jar:/Users/parveshbhardwaj/.m2/repository/org/yaml/snakeyaml/1.33/snakeyaml-1.33.jar:/Users/parveshbhardwaj/.m2/repository/javax/xml/bind/jaxb-api/2.3.1/jaxb-api-2.3.1.jar:/Users/parveshbhardwaj/.m2/repository/javax/activation/javax.activation-api/1.2.0/javax.activation-api-1.2.0.jar:"/>
    <property name="sun.cpu.endian" value="little"/>
    <property name="user.home" value="/Users/parveshbhardwaj"/>
    <property name="user.language" value="en"/>
    <property name="java.specification.vendor" value="Oracle Corporation"/>
    <property name="java.version.date" value="2023-07-18"/>
    <property name="java.home" value="/Users/parveshbhardwaj/Library/Java/JavaVirtualMachines/openjdk-20.0.2/Contents/Home"/>
    <property name="file.separator" value="/"/>
    <property name="basedir" value="/Users/parveshbhardwaj/Documents/citizen/pocs/demo-testcontainers"/>
    <property name="java.vm.compressedOopsMode" value="Zero based"/>
    <property name="line.separator" value="&#10;"/>
    <property name="java.vm.specification.vendor" value="Oracle Corporation"/>
    <property name="java.specification.name" value="Java Platform API Specification"/>
    <property name="FILE_LOG_CHARSET" value="UTF-8"/>
    <property name="java.awt.headless" value="true"/>
    <property name="apple.awt.application.name" value="ForkedBooter"/>
    <property name="surefire.real.class.path" value="/Users/parveshbhardwaj/Documents/citizen/pocs/demo-testcontainers/target/surefire/surefirebooter-20231129153938848_3.jar"/>
    <property name="sun.management.compiler" value="HotSpot 64-Bit Tiered Compilers"/>
    <property name="java.runtime.version" value="20.0.2+9-78"/>
    <property name="user.name" value="parveshbhardwaj"/>
    <property name="stdout.encoding" value="US-ASCII"/>
    <property name="path.separator" value=":"/>
    <property name="os.version" value="13.6.1"/>
    <property name="java.runtime.name" value="OpenJDK Runtime Environment"/>
    <property name="file.encoding" value="UTF-8"/>
    <property name="java.vm.name" value="OpenJDK 64-Bit Server VM"/>
    <property name="localRepository" value="/Users/parveshbhardwaj/.m2/repository"/>
    <property name="java.vendor.url.bug" value="https://bugreport.java.com/bugreport/"/>
    <property name="java.io.tmpdir" value="/var/folders/5d/1sj9b2jx6z9c6tbmw0rmf0x80000gp/T/"/>
    <property name="idea.version" value="2023.2"/>
    <property name="com.zaxxer.hikari.pool_number" value="3"/>
    <property name="catalina.home" value="/private/var/folders/5d/1sj9b2jx6z9c6tbmw0rmf0x80000gp/T/tomcat.0.16439841283011982229"/>
    <property name="java.version" value="20.0.2"/>
    <property name="user.dir" value="/Users/parveshbhardwaj/Documents/citizen/pocs/demo-testcontainers"/>
    <property name="os.arch" value="x86_64"/>
    <property name="java.vm.specification.name" value="Java Virtual Machine Specification"/>
    <property name="PID" value="84596"/>
    <property name="CONSOLE_LOG_CHARSET" value="UTF-8"/>
    <property name="catalina.base" value="/private/var/folders/5d/1sj9b2jx6z9c6tbmw0rmf0x80000gp/T/tomcat.0.16439841283011982229"/>
    <property name="native.encoding" value="US-ASCII"/>
    <property name="java.library.path" value="/Users/parveshbhardwaj/Library/Java/Extensions:/Library/Java/Extensions:/Network/Library/Java/Extensions:/System/Library/Java/Extensions:/usr/lib/java:."/>
    <property name="java.vm.info" value="mixed mode, sharing"/>
    <property name="stderr.encoding" value="US-ASCII"/>
    <property name="java.vendor" value="Oracle Corporation"/>
    <property name="java.vm.version" value="20.0.2+9-78"/>
    <property name="sun.io.unicode.encoding" value="UnicodeBig"/>
    <property name="java.class.version" value="64.0"/>
  </properties>
  <testcase name="testPlayerEndpoints" classname="com.example.testcontainers.demo.player.PlayerControllerTest" time="0.97">
    <system-out><![CDATA[2023-11-29T15:41:33.841+05:30  INFO 84596 --- [           main] t.c.s.AnnotationConfigContextLoaderUtils : Could not detect default configuration classes for test class [com.example.testcontainers.demo.player.PlayerControllerTest]: PlayerControllerTest does not declare any static, non-private, non-final, nested classes annotated with @Configuration.
2023-11-29T15:41:33.849+05:30  INFO 84596 --- [           main] .b.t.c.SpringBootTestContextBootstrapper : Found @SpringBootConfiguration com.example.testcontainers.demo.DemoApplication for test class com.example.testcontainers.demo.player.PlayerControllerTest
2023-11-29T15:41:33.852+05:30  INFO 84596 --- [           main] tc.postgres:15-alpine                    : Creating container for image: postgres:15-alpine
2023-11-29T15:41:34.358+05:30  INFO 84596 --- [           main] tc.postgres:15-alpine                    : Container postgres:15-alpine is starting: 31f084a3abd715383cb80161b20ba465c2460b0e7a69e75407f147b1bcbdb8b4
2023-11-29T15:41:55.733+05:30  INFO 84596 --- [           main] tc.postgres:15-alpine                    : Container postgres:15-alpine started in PT21.879882S
2023-11-29T15:41:55.741+05:30  INFO 84596 --- [           main] tc.postgres:15-alpine                    : Container is started (JDBC URL: jdbc:postgresql://localhost:61090/test?loggerLevel=OFF)

  .   ____          _            __ _ _
 /\\ / ___'_ __ _ _(_)_ __  __ _ \ \ \ \
( ( )\___ | '_ | '_| | '_ \/ _` | \ \ \ \
 \\/  ___)| |_)| | | | | || (_| |  ) ) ) )
  '  |____| .__|_| |_|_| |_\__, | / / / /
 =========|_|==============|___/=/_/_/_/
 :: Spring Boot ::                (v3.1.5)

2023-11-29T15:41:56.559+05:30  INFO 84596 --- [           main] c.e.t.demo.player.PlayerControllerTest   : Starting PlayerControllerTest using Java 20.0.2 with PID 84596 (started by parveshbhardwaj in /Users/parveshbhardwaj/Documents/citizen/pocs/demo-testcontainers)
2023-11-29T15:41:56.561+05:30  INFO 84596 --- [           main] c.e.t.demo.player.PlayerControllerTest   : No active profile set, falling back to 1 default profile: "default"
2023-11-29T15:41:57.398+05:30  INFO 84596 --- [           main] .s.d.r.c.RepositoryConfigurationDelegate : Bootstrapping Spring Data JPA repositories in DEFAULT mode.
2023-11-29T15:41:57.425+05:30  INFO 84596 --- [           main] .s.d.r.c.RepositoryConfigurationDelegate : Finished Spring Data repository scanning in 25 ms. Found 1 JPA repository interfaces.
2023-11-29T15:41:58.447+05:30  INFO 84596 --- [           main] o.s.b.w.embedded.tomcat.TomcatWebServer  : Tomcat initialized with port(s): 0 (http)
2023-11-29T15:41:58.480+05:30  INFO 84596 --- [           main] o.apache.catalina.core.StandardService   : Starting service [Tomcat]
2023-11-29T15:41:58.482+05:30  INFO 84596 --- [           main] o.apache.catalina.core.StandardEngine    : Starting Servlet engine: [Apache Tomcat/10.1.15]
2023-11-29T15:41:59.100+05:30  INFO 84596 --- [           main] o.a.c.c.C.[Tomcat].[localhost].[/]       : Initializing Spring embedded WebApplicationContext
2023-11-29T15:41:59.106+05:30  INFO 84596 --- [           main] w.s.c.ServletWebServerApplicationContext : Root WebApplicationContext: initialization completed in 2527 ms
2023-11-29T15:42:00.113+05:30  INFO 84596 --- [           main] liquibase.database                       : Set default schema name to public
2023-11-29T15:42:00.358+05:30  INFO 84596 --- [           main] liquibase.changelog                      : Creating database history table with name: public.databasechangelog
2023-11-29T15:42:00.716+05:30  INFO 84596 --- [           main] liquibase.changelog                      : Reading from public.databasechangelog
2023-11-29T15:42:01.011+05:30  INFO 84596 --- [           main] liquibase.lockservice                    : Successfully acquired change log lock
2023-11-29T15:42:01.317+05:30  INFO 84596 --- [           main] liquibase.command                        : Using deploymentId: 1252721317
2023-11-29T15:42:01.322+05:30  INFO 84596 --- [           main] liquibase.changelog                      : Reading from public.databasechangelog
Running Changeset: db/changelog/changes/create-player-00001.sql::player_table::parvesh
2023-11-29T15:42:01.370+05:30  INFO 84596 --- [           main] liquibase.changelog                      : Custom SQL executed
2023-11-29T15:42:01.381+05:30  INFO 84596 --- [           main] liquibase.changelog                      : ChangeSet db/changelog/changes/create-player-00001.sql::player_table::parvesh ran successfully in 51ms
2023-11-29T15:42:01.400+05:30  INFO 84596 --- [           main] liquibase.util                           : UPDATE SUMMARY
2023-11-29T15:42:01.400+05:30  INFO 84596 --- [           main] liquibase.util                           : Run:                          1
2023-11-29T15:42:01.400+05:30  INFO 84596 --- [           main] liquibase.util                           : Previously run:               0
2023-11-29T15:42:01.401+05:30  INFO 84596 --- [           main] liquibase.util                           : Filtered out:                 0
2023-11-29T15:42:01.401+05:30  INFO 84596 --- [           main] liquibase.util                           : -------------------------------
2023-11-29T15:42:01.401+05:30  INFO 84596 --- [           main] liquibase.util                           : Total change sets:            1


UPDATE SUMMARY
Run:                          1
Previously run:               0
Filtered out:                 0
-------------------------------
Total change sets:            1

2023-11-29T15:42:01.401+05:30  INFO 84596 --- [           main] liquibase.util                           : Update summary generated
2023-11-29T15:42:01.401+05:30  INFO 84596 --- [           main] liquibase.command                        : Update command completed successfully.
Liquibase: Update has been successful. Rows affected: 1
2023-11-29T15:42:01.413+05:30  INFO 84596 --- [           main] liquibase.lockservice                    : Successfully released change log lock
2023-11-29T15:42:01.417+05:30  INFO 84596 --- [           main] liquibase.command                        : Command execution complete
2023-11-29T15:42:01.434+05:30  INFO 84596 --- [           main] com.zaxxer.hikari.HikariDataSource       : HikariPool-3 - Starting...
2023-11-29T15:42:01.494+05:30  INFO 84596 --- [           main] com.zaxxer.hikari.pool.HikariPool        : HikariPool-3 - Added connection org.postgresql.jdbc.PgConnection@20de9df
2023-11-29T15:42:01.495+05:30  INFO 84596 --- [           main] com.zaxxer.hikari.HikariDataSource       : HikariPool-3 - Start completed.
2023-11-29T15:42:01.522+05:30  INFO 84596 --- [           main] o.hibernate.jpa.internal.util.LogHelper  : HHH000204: Processing PersistenceUnitInfo [name: default]
2023-11-29T15:42:01.539+05:30  INFO 84596 --- [           main] o.s.o.j.p.SpringPersistenceUnitInfo      : No LoadTimeWeaver setup: ignoring JPA class transformer
2023-11-29T15:42:01.951+05:30  INFO 84596 --- [           main] o.h.e.t.j.p.i.JtaPlatformInitiator       : HHH000489: No JTA platform available (set 'hibernate.transaction.jta.platform' to enable JTA platform integration)
2023-11-29T15:42:01.953+05:30  INFO 84596 --- [           main] j.LocalContainerEntityManagerFactoryBean : Initialized JPA EntityManagerFactory for persistence unit 'default'
2023-11-29T15:42:02.457+05:30  WARN 84596 --- [           main] JpaBaseConfiguration$JpaWebConfiguration : spring.jpa.open-in-view is enabled by default. Therefore, database queries may be performed during view rendering. Explicitly configure spring.jpa.open-in-view to disable this warning
2023-11-29T15:42:03.568+05:30  INFO 84596 --- [           main] o.s.b.w.embedded.tomcat.TomcatWebServer  : Tomcat started on port(s): 61140 (http) with context path ''
2023-11-29T15:42:03.581+05:30  INFO 84596 --- [           main] c.e.t.demo.player.PlayerControllerTest   : Started PlayerControllerTest in 7.758 seconds (process running for 143.951)
2023-11-29T15:42:04.204+05:30  INFO 84596 --- [o-auto-1-exec-1] o.a.c.c.C.[Tomcat].[localhost].[/]       : Initializing Spring DispatcherServlet 'dispatcherServlet'
2023-11-29T15:42:04.205+05:30  INFO 84596 --- [o-auto-1-exec-1] o.s.web.servlet.DispatcherServlet        : Initializing Servlet 'dispatcherServlet'
2023-11-29T15:42:04.209+05:30  INFO 84596 --- [o-auto-1-exec-1] o.s.web.servlet.DispatcherServlet        : Completed initialization in 4 ms
create player
]]></system-out>
  </testcase>
</testsuite>