<?xml version="1.0" encoding="UTF-8"?>
<testsuite xmlns:xsi="http://www.w3.org/2001/XMLSchema-instance" xsi:noNamespaceSchemaLocation="https://maven.apache.org/surefire/maven-surefire-plugin/xsd/surefire-test-report-3.0.xsd" version="3.0" name="com.example.testcontainers.demo.player.PlayerRepositoryTest" time="82.981" tests="2" errors="0" skipped="0" failures="0">
  <properties>
    <property name="java.specification.version" value="20"/>
    <property name="sun.jnu.encoding" value="UTF-8"/>
    <property name="java.class.path" value="/Users/parveshbhardwaj/Documents/citizen/pocs/demo-testcontainers/target/test-classes:/Users/parveshbhardwaj/Documents/citizen/pocs/demo-testcontainers/target/classes:/Users/parveshbhardwaj/.m2/repository/org/springframework/boot/spring-boot-starter-data-jpa/3.1.5/spring-boot-starter-data-jpa-3.1.5.jar:/Users/parveshbhardwaj/.m2/repository/org/springframework/boot/spring-boot-starter-aop/3.1.5/spring-boot-starter-aop-3.1.5.jar:/Users/parveshbhardwaj/.m2/repository/org/springframework/spring-aop/6.0.13/spring-aop-6.0.13.jar:/Users/parveshbhardwaj/.m2/repository/org/aspectj/aspectjweaver/1.9.20/aspectjweaver-1.9.20.jar:/Users/parveshbhardwaj/.m2/repository/org/hibernate/orm/hibernate-core/6.2.13.Final/hibernate-core-6.2.13.Final.jar:/Users/parveshbhardwaj/.m2/repository/jakarta/persistence/jakarta.persistence-api/3.1.0/jakarta.persistence-api-3.1.0.jar:/Users/parveshbhardwaj/.m2/repository/jakarta/transaction/jakarta.transaction-api/2.0.1/jakarta.transaction-api-2.0.1.jar:/Users/parveshbhardwaj/.m2/repository/org/jboss/logging/jboss-logging/3.5.3.Final/jboss-logging-3.5.3.Final.jar:/Users/parveshbhardwaj/.m2/repository/org/hibernate/common/hibernate-commons-annotations/6.0.6.Final/hibernate-commons-annotations-6.0.6.Final.jar:/Users/parveshbhardwaj/.m2/repository/io/smallrye/jandex/3.0.5/jandex-3.0.5.jar:/Users/parveshbhardwaj/.m2/repository/com/fasterxml/classmate/1.5.1/classmate-1.5.1.jar:/Users/parveshbhardwaj/.m2/repository/net/bytebuddy/byte-buddy/1.14.9/byte-buddy-1.14.9.jar:/Users/parveshbhardwaj/.m2/repository/org/glassfish/jaxb/jaxb-runtime/4.0.3/jaxb-runtime-4.0.3.jar:/Users/parveshbhardwaj/.m2/repository/org/glassfish/jaxb/jaxb-core/4.0.3/jaxb-core-4.0.3.jar:/Users/parveshbhardwaj/.m2/repository/org/eclipse/angus/angus-activation/2.0.1/angus-activation-2.0.1.jar:/Users/parveshbhardwaj/.m2/repository/org/glassfish/jaxb/txw2/4.0.3/txw2-4.0.3.jar:/Users/parveshbhardwaj/.m2/repository/com/sun/istack/istack-commons-runtime/4.1.2/istack-commons-runtime-4.1.2.jar:/Users/parveshbhardwaj/.m2/repository/jakarta/inject/jakarta.inject-api/2.0.1/jakarta.inject-api-2.0.1.jar:/Users/parveshbhardwaj/.m2/repository/org/antlr/antlr4-runtime/4.10.1/antlr4-runtime-4.10.1.jar:/Users/parveshbhardwaj/.m2/repository/org/springframework/data/spring-data-jpa/3.1.5/spring-data-jpa-3.1.5.jar:/Users/parveshbhardwaj/.m2/repository/org/springframework/data/spring-data-commons/3.1.5/spring-data-commons-3.1.5.jar:/Users/parveshbhardwaj/.m2/repository/org/springframework/spring-orm/6.0.13/spring-orm-6.0.13.jar:/Users/parveshbhardwaj/.m2/repository/org/springframework/spring-context/6.0.13/spring-context-6.0.13.jar:/Users/parveshbhardwaj/.m2/repository/org/springframework/spring-tx/6.0.13/spring-tx-6.0.13.jar:/Users/parveshbhardwaj/.m2/repository/org/springframework/spring-beans/6.0.13/spring-beans-6.0.13.jar:/Users/parveshbhardwaj/.m2/repository/jakarta/annotation/jakarta.annotation-api/2.1.1/jakarta.annotation-api-2.1.1.jar:/Users/parveshbhardwaj/.m2/repository/org/slf4j/slf4j-api/2.0.9/slf4j-api-2.0.9.jar:/Users/parveshbhardwaj/.m2/repository/org/springframework/spring-aspects/6.0.13/spring-aspects-6.0.13.jar:/Users/parveshbhardwaj/.m2/repository/org/springframework/boot/spring-boot-starter-jdbc/3.1.5/spring-boot-starter-jdbc-3.1.5.jar:/Users/parveshbhardwaj/.m2/repository/org/springframework/boot/spring-boot-starter/3.1.5/spring-boot-starter-3.1.5.jar:/Users/parveshbhardwaj/.m2/repository/org/springframework/boot/spring-boot/3.1.5/spring-boot-3.1.5.jar:/Users/parveshbhardwaj/.m2/repository/org/springframework/boot/spring-boot-starter-logging/3.1.5/spring-boot-starter-logging-3.1.5.jar:/Users/parveshbhardwaj/.m2/repository/ch/qos/logback/logback-classic/1.4.11/logback-classic-1.4.11.jar:/Users/parveshbhardwaj/.m2/repository/ch/qos/logback/logback-core/1.4.11/logback-core-1.4.11.jar:/Users/parveshbhardwaj/.m2/repository/org/apache/logging/log4j/log4j-to-slf4j/2.20.0/log4j-to-slf4j-2.20.0.jar:/Users/parveshbhardwaj/.m2/repository/org/apache/logging/log4j/log4j-api/2.20.0/log4j-api-2.20.0.jar:/Users/parveshbhardwaj/.m2/repository/org/slf4j/jul-to-slf4j/2.0.9/jul-to-slf4j-2.0.9.jar:/Users/parveshbhardwaj/.m2/repository/com/zaxxer/HikariCP/5.0.1/HikariCP-5.0.1.jar:/Users/parveshbhardwaj/.m2/repository/org/springframework/spring-jdbc/6.0.13/spring-jdbc-6.0.13.jar:/Users/parveshbhardwaj/.m2/repository/org/springframework/boot/spring-boot-starter-web/3.1.5/spring-boot-starter-web-3.1.5.jar:/Users/parveshbhardwaj/.m2/repository/org/springframework/boot/spring-boot-starter-json/3.1.5/spring-boot-starter-json-3.1.5.jar:/Users/parveshbhardwaj/.m2/repository/com/fasterxml/jackson/core/jackson-databind/2.15.3/jackson-databind-2.15.3.jar:/Users/parveshbhardwaj/.m2/repository/com/fasterxml/jackson/core/jackson-annotations/2.15.3/jackson-annotations-2.15.3.jar:/Users/parveshbhardwaj/.m2/repository/com/fasterxml/jackson/core/jackson-core/2.15.3/jackson-core-2.15.3.jar:/Users/parveshbhardwaj/.m2/repository/com/fasterxml/jackson/datatype/jackson-datatype-jdk8/2.15.3/jackson-datatype-jdk8-2.15.3.jar:/Users/parveshbhardwaj/.m2/repository/com/fasterxml/jackson/datatype/jackson-datatype-jsr310/2.15.3/jackson-datatype-jsr310-2.15.3.jar:/Users/parveshbhardwaj/.m2/repository/com/fasterxml/jackson/module/jackson-module-parameter-names/2.15.3/jackson-module-parameter-names-2.15.3.jar:/Users/parveshbhardwaj/.m2/repository/org/springframework/boot/spring-boot-starter-tomcat/3.1.5/spring-boot-starter-tomcat-3.1.5.jar:/Users/parveshbhardwaj/.m2/repository/org/apache/tomcat/embed/tomcat-embed-core/10.1.15/tomcat-embed-core-10.1.15.jar:/Users/parveshbhardwaj/.m2/repository/org/apache/tomcat/embed/tomcat-embed-el/10.1.15/tomcat-embed-el-10.1.15.jar:/Users/parveshbhardwaj/.m2/repository/org/apache/tomcat/embed/tomcat-embed-websocket/10.1.15/tomcat-embed-websocket-10.1.15.jar:/Users/parveshbhardwaj/.m2/repository/org/springframework/spring-web/6.0.13/spring-web-6.0.13.jar:/Users/parveshbhardwaj/.m2/repository/io/micrometer/micrometer-observation/1.11.5/micrometer-observation-1.11.5.jar:/Users/parveshbhardwaj/.m2/repository/io/micrometer/micrometer-commons/1.11.5/micrometer-commons-1.11.5.jar:/Users/parveshbhardwaj/.m2/repository/org/springframework/spring-webmvc/6.0.13/spring-webmvc-6.0.13.jar:/Users/parveshbhardwaj/.m2/repository/org/springframework/spring-expression/6.0.13/spring-expression-6.0.13.jar:/Users/parveshbhardwaj/.m2/repository/org/postgresql/postgresql/42.6.0/postgresql-42.6.0.jar:/Users/parveshbhardwaj/.m2/repository/org/checkerframework/checker-qual/3.31.0/checker-qual-3.31.0.jar:/Users/parveshbhardwaj/.m2/repository/org/springframework/boot/spring-boot-starter-test/3.1.5/spring-boot-starter-test-3.1.5.jar:/Users/parveshbhardwaj/.m2/repository/org/springframework/boot/spring-boot-test/3.1.5/spring-boot-test-3.1.5.jar:/Users/parveshbhardwaj/.m2/repository/org/springframework/boot/spring-boot-test-autoconfigure/3.1.5/spring-boot-test-autoconfigure-3.1.5.jar:/Users/parveshbhardwaj/.m2/repository/com/jayway/jsonpath/json-path/2.8.0/json-path-2.8.0.jar:/Users/parveshbhardwaj/.m2/repository/jakarta/xml/bind/jakarta.xml.bind-api/4.0.1/jakarta.xml.bind-api-4.0.1.jar:/Users/parveshbhardwaj/.m2/repository/jakarta/activation/jakarta.activation-api/2.1.2/jakarta.activation-api-2.1.2.jar:/Users/parveshbhardwaj/.m2/repository/net/minidev/json-smart/2.4.11/json-smart-2.4.11.jar:/Users/parveshbhardwaj/.m2/repository/net/minidev/accessors-smart/2.4.11/accessors-smart-2.4.11.jar:/Users/parveshbhardwaj/.m2/repository/org/ow2/asm/asm/9.3/asm-9.3.jar:/Users/parveshbhardwaj/.m2/repository/org/assertj/assertj-core/3.24.2/assertj-core-3.24.2.jar:/Users/parveshbhardwaj/.m2/repository/org/hamcrest/hamcrest/2.2/hamcrest-2.2.jar:/Users/parveshbhardwaj/.m2/repository/org/junit/jupiter/junit-jupiter/5.9.3/junit-jupiter-5.9.3.jar:/Users/parveshbhardwaj/.m2/repository/org/junit/jupiter/junit-jupiter-api/5.9.3/junit-jupiter-api-5.9.3.jar:/Users/parveshbhardwaj/.m2/repository/org/opentest4j/opentest4j/1.2.0/opentest4j-1.2.0.jar:/Users/parveshbhardwaj/.m2/repository/org/junit/platform/junit-platform-commons/1.9.3/junit-platform-commons-1.9.3.jar:/Users/parveshbhardwaj/.m2/repository/org/apiguardian/apiguardian-api/1.1.2/apiguardian-api-1.1.2.jar:/Users/parveshbhardwaj/.m2/repository/org/junit/jupiter/junit-jupiter-params/5.9.3/junit-jupiter-params-5.9.3.jar:/Users/parveshbhardwaj/.m2/repository/org/junit/jupiter/junit-jupiter-engine/5.9.3/junit-jupiter-engine-5.9.3.jar:/Users/parveshbhardwaj/.m2/repository/org/junit/platform/junit-platform-engine/1.9.3/junit-platform-engine-1.9.3.jar:/Users/parveshbhardwaj/.m2/repository/org/mockito/mockito-core/5.3.1/mockito-core-5.3.1.jar:/Users/parveshbhardwaj/.m2/repository/net/bytebuddy/byte-buddy-agent/1.14.9/byte-buddy-agent-1.14.9.jar:/Users/parveshbhardwaj/.m2/repository/org/objenesis/objenesis/3.3/objenesis-3.3.jar:/Users/parveshbhardwaj/.m2/repository/org/mockito/mockito-junit-jupiter/5.3.1/mockito-junit-jupiter-5.3.1.jar:/Users/parveshbhardwaj/.m2/repository/org/skyscreamer/jsonassert/1.5.1/jsonassert-1.5.1.jar:/Users/parveshbhardwaj/.m2/repository/com/vaadin/external/google/android-json/0.0.20131108.vaadin1/android-json-0.0.20131108.vaadin1.jar:/Users/parveshbhardwaj/.m2/repository/org/springframework/spring-core/6.0.13/spring-core-6.0.13.jar:/Users/parveshbhardwaj/.m2/repository/org/springframework/spring-jcl/6.0.13/spring-jcl-6.0.13.jar:/Users/parveshbhardwaj/.m2/repository/org/springframework/spring-test/6.0.13/spring-test-6.0.13.jar:/Users/parveshbhardwaj/.m2/repository/org/xmlunit/xmlunit-core/2.9.1/xmlunit-core-2.9.1.jar:/Users/parveshbhardwaj/.m2/repository/org/springframework/boot/spring-boot-testcontainers/3.1.5/spring-boot-testcontainers-3.1.5.jar:/Users/parveshbhardwaj/.m2/repository/org/springframework/boot/spring-boot-autoconfigure/3.1.5/spring-boot-autoconfigure-3.1.5.jar:/Users/parveshbhardwaj/.m2/repository/org/testcontainers/testcontainers/1.18.3/testcontainers-1.18.3.jar:/Users/parveshbhardwaj/.m2/repository/junit/junit/4.13.2/junit-4.13.2.jar:/Users/parveshbhardwaj/.m2/repository/org/hamcrest/hamcrest-core/2.2/hamcrest-core-2.2.jar:/Users/parveshbhardwaj/.m2/repository/org/apache/commons/commons-compress/1.23.0/commons-compress-1.23.0.jar:/Users/parveshbhardwaj/.m2/repository/org/rnorth/duct-tape/duct-tape/1.0.8/duct-tape-1.0.8.jar:/Users/parveshbhardwaj/.m2/repository/org/jetbrains/annotations/17.0.0/annotations-17.0.0.jar:/Users/parveshbhardwaj/.m2/repository/com/github/docker-java/docker-java-api/3.3.0/docker-java-api-3.3.0.jar:/Users/parveshbhardwaj/.m2/repository/com/github/docker-java/docker-java-transport-zerodep/3.3.0/docker-java-transport-zerodep-3.3.0.jar:/Users/parveshbhardwaj/.m2/repository/com/github/docker-java/docker-java-transport/3.3.0/docker-java-transport-3.3.0.jar:/Users/parveshbhardwaj/.m2/repository/net/java/dev/jna/jna/5.12.1/jna-5.12.1.jar:/Users/parveshbhardwaj/.m2/repository/org/testcontainers/junit-jupiter/1.18.3/junit-jupiter-1.18.3.jar:/Users/parveshbhardwaj/.m2/repository/org/testcontainers/postgresql/1.18.3/postgresql-1.18.3.jar:/Users/parveshbhardwaj/.m2/repository/org/testcontainers/jdbc/1.18.3/jdbc-1.18.3.jar:/Users/parveshbhardwaj/.m2/repository/org/testcontainers/database-commons/1.18.3/database-commons-1.18.3.jar:/Users/parveshbhardwaj/.m2/repository/org/liquibase/liquibase-core/4.23.1/liquibase-core-4.23.1.jar:/Users/parveshbhardwaj/.m2/repository/com/opencsv/opencsv/5.7.1/opencsv-5.7.1.jar:/Users/parveshbhardwaj/.m2/repository/org/apache/commons/commons-lang3/3.12.0/commons-lang3-3.12.0.jar:/Users/parveshbhardwaj/.m2/repository/org/apache/commons/commons-text/1.10.0/commons-text-1.10.0.jar:/Users/parveshbhardwaj/.m2/repository/org/apache/commons/commons-collections4/4.4/commons-collections4-4.4.jar:/Users/parveshbhardwaj/.m2/repository/org/yaml/snakeyaml/1.33/snakeyaml-1.33.jar:/Users/parveshbhardwaj/.m2/repository/javax/xml/bind/jaxb-api/2.3.1/jaxb-api-2.3.1.jar:/Users/parveshbhardwaj/.m2/repository/javax/activation/javax.activation-api/1.2.0/javax.activation-api-1.2.0.jar:"/>
    <property name="java.vm.vendor" value="Oracle Corporation"/>
    <property name="sun.arch.data.model" value="64"/>
    <property name="java.vendor.url" value="https://java.oracle.com/"/>
    <property name="user.timezone" value="Asia/Kolkata"/>
    <property name="org.jboss.logging.provider" value="slf4j"/>
    <property name="os.name" value="Mac OS X"/>
    <property name="java.vm.specification.version" value="20"/>
    <property name="sun.java.launcher" value="SUN_STANDARD"/>
    <property name="user.country" value="IN"/>
    <property name="sun.boot.library.path" value="/Users/parveshbhardwaj/Library/Java/JavaVirtualMachines/openjdk-20.0.2/Contents/Home/lib"/>
    <property name="sun.java.command" value="/Users/parveshbhardwaj/Documents/citizen/pocs/demo-testcontainers/target/surefire/surefirebooter-20231129153938848_3.jar /Users/parveshbhardwaj/Documents/citizen/pocs/demo-testcontainers/target/surefire 2023-11-29T15-39-38_394-jvmRun1 surefire-20231129153938848_1tmp surefire_0-20231129153938848_2tmp"/>
    <property name="jdk.debug" value="release"/>
    <property name="surefire.test.class.path" value="/Users/parveshbhardwaj/Documents/citizen/pocs/demo-testcontainers/target/test-classes:/Users/parveshbhardwaj/Documents/citizen/pocs/demo-testcontainers/target/classes:/Users/parveshbhardwaj/.m2/repository/org/springframework/boot/spring-boot-starter-data-jpa/3.1.5/spring-boot-starter-data-jpa-3.1.5.jar:/Users/parveshbhardwaj/.m2/repository/org/springframework/boot/spring-boot-starter-aop/3.1.5/spring-boot-starter-aop-3.1.5.jar:/Users/parveshbhardwaj/.m2/repository/org/springframework/spring-aop/6.0.13/spring-aop-6.0.13.jar:/Users/parveshbhardwaj/.m2/repository/org/aspectj/aspectjweaver/1.9.20/aspectjweaver-1.9.20.jar:/Users/parveshbhardwaj/.m2/repository/org/hibernate/orm/hibernate-core/6.2.13.Final/hibernate-core-6.2.13.Final.jar:/Users/parveshbhardwaj/.m2/repository/jakarta/persistence/jakarta.persistence-api/3.1.0/jakarta.persistence-api-3.1.0.jar:/Users/parveshbhardwaj/.m2/repository/jakarta/transaction/jakarta.transaction-api/2.0.1/jakarta.transaction-api-2.0.1.jar:/Users/parveshbhardwaj/.m2/repository/org/jboss/logging/jboss-logging/3.5.3.Final/jboss-logging-3.5.3.Final.jar:/Users/parveshbhardwaj/.m2/repository/org/hibernate/common/hibernate-commons-annotations/6.0.6.Final/hibernate-commons-annotations-6.0.6.Final.jar:/Users/parveshbhardwaj/.m2/repository/io/smallrye/jandex/3.0.5/jandex-3.0.5.jar:/Users/parveshbhardwaj/.m2/repository/com/fasterxml/classmate/1.5.1/classmate-1.5.1.jar:/Users/parveshbhardwaj/.m2/repository/net/bytebuddy/byte-buddy/1.14.9/byte-buddy-1.14.9.jar:/Users/parveshbhardwaj/.m2/repository/org/glassfish/jaxb/jaxb-runtime/4.0.3/jaxb-runtime-4.0.3.jar:/Users/parveshbhardwaj/.m2/repository/org/glassfish/jaxb/jaxb-core/4.0.3/jaxb-core-4.0.3.jar:/Users/parveshbhardwaj/.m2/repository/org/eclipse/angus/angus-activation/2.0.1/angus-activation-2.0.1.jar:/Users/parveshbhardwaj/.m2/repository/org/glassfish/jaxb/txw2/4.0.3/txw2-4.0.3.jar:/Users/parveshbhardwaj/.m2/repository/com/sun/istack/istack-commons-runtime/4.1.2/istack-commons-runtime-4.1.2.jar:/Users/parveshbhardwaj/.m2/repository/jakarta/inject/jakarta.inject-api/2.0.1/jakarta.inject-api-2.0.1.jar:/Users/parveshbhardwaj/.m2/repository/org/antlr/antlr4-runtime/4.10.1/antlr4-runtime-4.10.1.jar:/Users/parveshbhardwaj/.m2/repository/org/springframework/data/spring-data-jpa/3.1.5/spring-data-jpa-3.1.5.jar:/Users/parveshbhardwaj/.m2/repository/org/springframework/data/spring-data-commons/3.1.5/spring-data-commons-3.1.5.jar:/Users/parveshbhardwaj/.m2/repository/org/springframework/spring-orm/6.0.13/spring-orm-6.0.13.jar:/Users/parveshbhardwaj/.m2/repository/org/springframework/spring-context/6.0.13/spring-context-6.0.13.jar:/Users/parveshbhardwaj/.m2/repository/org/springframework/spring-tx/6.0.13/spring-tx-6.0.13.jar:/Users/parveshbhardwaj/.m2/repository/org/springframework/spring-beans/6.0.13/spring-beans-6.0.13.jar:/Users/parveshbhardwaj/.m2/repository/jakarta/annotation/jakarta.annotation-api/2.1.1/jakarta.annotation-api-2.1.1.jar:/Users/parveshbhardwaj/.m2/repository/org/slf4j/slf4j-api/2.0.9/slf4j-api-2.0.9.jar:/Users/parveshbhardwaj/.m2/repository/org/springframework/spring-aspects/6.0.13/spring-aspects-6.0.13.jar:/Users/parveshbhardwaj/.m2/repository/org/springframework/boot/spring-boot-starter-jdbc/3.1.5/spring-boot-starter-jdbc-3.1.5.jar:/Users/parveshbhardwaj/.m2/repository/org/springframework/boot/spring-boot-starter/3.1.5/spring-boot-starter-3.1.5.jar:/Users/parveshbhardwaj/.m2/repository/org/springframework/boot/spring-boot/3.1.5/spring-boot-3.1.5.jar:/Users/parveshbhardwaj/.m2/repository/org/springframework/boot/spring-boot-starter-logging/3.1.5/spring-boot-starter-logging-3.1.5.jar:/Users/parveshbhardwaj/.m2/repository/ch/qos/logback/logback-classic/1.4.11/logback-classic-1.4.11.jar:/Users/parveshbhardwaj/.m2/repository/ch/qos/logback/logback-core/1.4.11/logback-core-1.4.11.jar:/Users/parveshbhardwaj/.m2/repository/org/apache/logging/log4j/log4j-to-slf4j/2.20.0/log4j-to-slf4j-2.20.0.jar:/Users/parveshbhardwaj/.m2/repository/org/apache/logging/log4j/log4j-api/2.20.0/log4j-api-2.20.0.jar:/Users/parveshbhardwaj/.m2/repository/org/slf4j/jul-to-slf4j/2.0.9/jul-to-slf4j-2.0.9.jar:/Users/parveshbhardwaj/.m2/repository/com/zaxxer/HikariCP/5.0.1/HikariCP-5.0.1.jar:/Users/parveshbhardwaj/.m2/repository/org/springframework/spring-jdbc/6.0.13/spring-jdbc-6.0.13.jar:/Users/parveshbhardwaj/.m2/repository/org/springframework/boot/spring-boot-starter-web/3.1.5/spring-boot-starter-web-3.1.5.jar:/Users/parveshbhardwaj/.m2/repository/org/springframework/boot/spring-boot-starter-json/3.1.5/spring-boot-starter-json-3.1.5.jar:/Users/parveshbhardwaj/.m2/repository/com/fasterxml/jackson/core/jackson-databind/2.15.3/jackson-databind-2.15.3.jar:/Users/parveshbhardwaj/.m2/repository/com/fasterxml/jackson/core/jackson-annotations/2.15.3/jackson-annotations-2.15.3.jar:/Users/parveshbhardwaj/.m2/repository/com/fasterxml/jackson/core/jackson-core/2.15.3/jackson-core-2.15.3.jar:/Users/parveshbhardwaj/.m2/repository/com/fasterxml/jackson/datatype/jackson-datatype-jdk8/2.15.3/jackson-datatype-jdk8-2.15.3.jar:/Users/parveshbhardwaj/.m2/repository/com/fasterxml/jackson/datatype/jackson-datatype-jsr310/2.15.3/jackson-datatype-jsr310-2.15.3.jar:/Users/parveshbhardwaj/.m2/repository/com/fasterxml/jackson/module/jackson-module-parameter-names/2.15.3/jackson-module-parameter-names-2.15.3.jar:/Users/parveshbhardwaj/.m2/repository/org/springframework/boot/spring-boot-starter-tomcat/3.1.5/spring-boot-starter-tomcat-3.1.5.jar:/Users/parveshbhardwaj/.m2/repository/org/apache/tomcat/embed/tomcat-embed-core/10.1.15/tomcat-embed-core-10.1.15.jar:/Users/parveshbhardwaj/.m2/repository/org/apache/tomcat/embed/tomcat-embed-el/10.1.15/tomcat-embed-el-10.1.15.jar:/Users/parveshbhardwaj/.m2/repository/org/apache/tomcat/embed/tomcat-embed-websocket/10.1.15/tomcat-embed-websocket-10.1.15.jar:/Users/parveshbhardwaj/.m2/repository/org/springframework/spring-web/6.0.13/spring-web-6.0.13.jar:/Users/parveshbhardwaj/.m2/repository/io/micrometer/micrometer-observation/1.11.5/micrometer-observation-1.11.5.jar:/Users/parveshbhardwaj/.m2/repository/io/micrometer/micrometer-commons/1.11.5/micrometer-commons-1.11.5.jar:/Users/parveshbhardwaj/.m2/repository/org/springframework/spring-webmvc/6.0.13/spring-webmvc-6.0.13.jar:/Users/parveshbhardwaj/.m2/repository/org/springframework/spring-expression/6.0.13/spring-expression-6.0.13.jar:/Users/parveshbhardwaj/.m2/repository/org/postgresql/postgresql/42.6.0/postgresql-42.6.0.jar:/Users/parveshbhardwaj/.m2/repository/org/checkerframework/checker-qual/3.31.0/checker-qual-3.31.0.jar:/Users/parveshbhardwaj/.m2/repository/org/springframework/boot/spring-boot-starter-test/3.1.5/spring-boot-starter-test-3.1.5.jar:/Users/parveshbhardwaj/.m2/repository/org/springframework/boot/spring-boot-test/3.1.5/spring-boot-test-3.1.5.jar:/Users/parveshbhardwaj/.m2/repository/org/springframework/boot/spring-boot-test-autoconfigure/3.1.5/spring-boot-test-autoconfigure-3.1.5.jar:/Users/parveshbhardwaj/.m2/repository/com/jayway/jsonpath/json-path/2.8.0/json-path-2.8.0.jar:/Users/parveshbhardwaj/.m2/repository/jakarta/xml/bind/jakarta.xml.bind-api/4.0.1/jakarta.xml.bind-api-4.0.1.jar:/Users/parveshbhardwaj/.m2/repository/jakarta/activation/jakarta.activation-api/2.1.2/jakarta.activation-api-2.1.2.jar:/Users/parveshbhardwaj/.m2/repository/net/minidev/json-smart/2.4.11/json-smart-2.4.11.jar:/Users/parveshbhardwaj/.m2/repository/net/minidev/accessors-smart/2.4.11/accessors-smart-2.4.11.jar:/Users/parveshbhardwaj/.m2/repository/org/ow2/asm/asm/9.3/asm-9.3.jar:/Users/parveshbhardwaj/.m2/repository/org/assertj/assertj-core/3.24.2/assertj-core-3.24.2.jar:/Users/parveshbhardwaj/.m2/repository/org/hamcrest/hamcrest/2.2/hamcrest-2.2.jar:/Users/parveshbhardwaj/.m2/repository/org/junit/jupiter/junit-jupiter/5.9.3/junit-jupiter-5.9.3.jar:/Users/parveshbhardwaj/.m2/repository/org/junit/jupiter/junit-jupiter-api/5.9.3/junit-jupiter-api-5.9.3.jar:/Users/parveshbhardwaj/.m2/repository/org/opentest4j/opentest4j/1.2.0/opentest4j-1.2.0.jar:/Users/parveshbhardwaj/.m2/repository/org/junit/platform/junit-platform-commons/1.9.3/junit-platform-commons-1.9.3.jar:/Users/parveshbhardwaj/.m2/repository/org/apiguardian/apiguardian-api/1.1.2/apiguardian-api-1.1.2.jar:/Users/parveshbhardwaj/.m2/repository/org/junit/jupiter/junit-jupiter-params/5.9.3/junit-jupiter-params-5.9.3.jar:/Users/parveshbhardwaj/.m2/repository/org/junit/jupiter/junit-jupiter-engine/5.9.3/junit-jupiter-engine-5.9.3.jar:/Users/parveshbhardwaj/.m2/repository/org/junit/platform/junit-platform-engine/1.9.3/junit-platform-engine-1.9.3.jar:/Users/parveshbhardwaj/.m2/repository/org/mockito/mockito-core/5.3.1/mockito-core-5.3.1.jar:/Users/parveshbhardwaj/.m2/repository/net/bytebuddy/byte-buddy-agent/1.14.9/byte-buddy-agent-1.14.9.jar:/Users/parveshbhardwaj/.m2/repository/org/objenesis/objenesis/3.3/objenesis-3.3.jar:/Users/parveshbhardwaj/.m2/repository/org/mockito/mockito-junit-jupiter/5.3.1/mockito-junit-jupiter-5.3.1.jar:/Users/parveshbhardwaj/.m2/repository/org/skyscreamer/jsonassert/1.5.1/jsonassert-1.5.1.jar:/Users/parveshbhardwaj/.m2/repository/com/vaadin/external/google/android-json/0.0.20131108.vaadin1/android-json-0.0.20131108.vaadin1.jar:/Users/parveshbhardwaj/.m2/repository/org/springframework/spring-core/6.0.13/spring-core-6.0.13.jar:/Users/parveshbhardwaj/.m2/repository/org/springframework/spring-jcl/6.0.13/spring-jcl-6.0.13.jar:/Users/parveshbhardwaj/.m2/repository/org/springframework/spring-test/6.0.13/spring-test-6.0.13.jar:/Users/parveshbhardwaj/.m2/repository/org/xmlunit/xmlunit-core/2.9.1/xmlunit-core-2.9.1.jar:/Users/parveshbhardwaj/.m2/repository/org/springframework/boot/spring-boot-testcontainers/3.1.5/spring-boot-testcontainers-3.1.5.jar:/Users/parveshbhardwaj/.m2/repository/org/springframework/boot/spring-boot-autoconfigure/3.1.5/spring-boot-autoconfigure-3.1.5.jar:/Users/parveshbhardwaj/.m2/repository/org/testcontainers/testcontainers/1.18.3/testcontainers-1.18.3.jar:/Users/parveshbhardwaj/.m2/repository/junit/junit/4.13.2/junit-4.13.2.jar:/Users/parveshbhardwaj/.m2/repository/org/hamcrest/hamcrest-core/2.2/hamcrest-core-2.2.jar:/Users/parveshbhardwaj/.m2/repository/org/apache/commons/commons-compress/1.23.0/commons-compress-1.23.0.jar:/Users/parveshbhardwaj/.m2/repository/org/rnorth/duct-tape/duct-tape/1.0.8/duct-tape-1.0.8.jar:/Users/parveshbhardwaj/.m2/repository/org/jetbrains/annotations/17.0.0/annotations-17.0.0.jar:/Users/parveshbhardwaj/.m2/repository/com/github/docker-java/docker-java-api/3.3.0/docker-java-api-3.3.0.jar:/Users/parveshbhardwaj/.m2/repository/com/github/docker-java/docker-java-transport-zerodep/3.3.0/docker-java-transport-zerodep-3.3.0.jar:/Users/parveshbhardwaj/.m2/repository/com/github/docker-java/docker-java-transport/3.3.0/docker-java-transport-3.3.0.jar:/Users/parveshbhardwaj/.m2/repository/net/java/dev/jna/jna/5.12.1/jna-5.12.1.jar:/Users/parveshbhardwaj/.m2/repository/org/testcontainers/junit-jupiter/1.18.3/junit-jupiter-1.18.3.jar:/Users/parveshbhardwaj/.m2/repository/org/testcontainers/postgresql/1.18.3/postgresql-1.18.3.jar:/Users/parveshbhardwaj/.m2/repository/org/testcontainers/jdbc/1.18.3/jdbc-1.18.3.jar:/Users/parveshbhardwaj/.m2/repository/org/testcontainers/database-commons/1.18.3/database-commons-1.18.3.jar:/Users/parveshbhardwaj/.m2/repository/org/liquibase/liquibase-core/4.23.1/liquibase-core-4.23.1.jar:/Users/parveshbhardwaj/.m2/repository/com/opencsv/opencsv/5.7.1/opencsv-5.7.1.jar:/Users/parveshbhardwaj/.m2/repository/org/apache/commons/commons-lang3/3.12.0/commons-lang3-3.12.0.jar:/Users/parveshbhardwaj/.m2/repository/org/apache/commons/commons-text/1.10.0/commons-text-1.10.0.jar:/Users/parveshbhardwaj/.m2/repository/org/apache/commons/commons-collections4/4.4/commons-collections4-4.4.jar:/Users/parveshbhardwaj/.m2/repository/org/yaml/snakeyaml/1.33/snakeyaml-1.33.jar:/Users/parveshbhardwaj/.m2/repository/javax/xml/bind/jaxb-api/2.3.1/jaxb-api-2.3.1.jar:/Users/parveshbhardwaj/.m2/repository/javax/activation/javax.activation-api/1.2.0/javax.activation-api-1.2.0.jar:"/>
    <property name="sun.cpu.endian" value="little"/>
    <property name="user.home" value="/Users/parveshbhardwaj"/>
    <property name="user.language" value="en"/>
    <property name="java.specification.vendor" value="Oracle Corporation"/>
    <property name="java.version.date" value="2023-07-18"/>
    <property name="java.home" value="/Users/parveshbhardwaj/Library/Java/JavaVirtualMachines/openjdk-20.0.2/Contents/Home"/>
    <property name="file.separator" value="/"/>
    <property name="basedir" value="/Users/parveshbhardwaj/Documents/citizen/pocs/demo-testcontainers"/>
    <property name="java.vm.compressedOopsMode" value="Zero based"/>
    <property name="line.separator" value="&#10;"/>
    <property name="java.vm.specification.vendor" value="Oracle Corporation"/>
    <property name="java.specification.name" value="Java Platform API Specification"/>
    <property name="FILE_LOG_CHARSET" value="UTF-8"/>
    <property name="java.awt.headless" value="true"/>
    <property name="apple.awt.application.name" value="ForkedBooter"/>
    <property name="surefire.real.class.path" value="/Users/parveshbhardwaj/Documents/citizen/pocs/demo-testcontainers/target/surefire/surefirebooter-20231129153938848_3.jar"/>
    <property name="sun.management.compiler" value="HotSpot 64-Bit Tiered Compilers"/>
    <property name="java.runtime.version" value="20.0.2+9-78"/>
    <property name="user.name" value="parveshbhardwaj"/>
    <property name="stdout.encoding" value="US-ASCII"/>
    <property name="path.separator" value=":"/>
    <property name="os.version" value="13.6.1"/>
    <property name="java.runtime.name" value="OpenJDK Runtime Environment"/>
    <property name="file.encoding" value="UTF-8"/>
    <property name="java.vm.name" value="OpenJDK 64-Bit Server VM"/>
    <property name="localRepository" value="/Users/parveshbhardwaj/.m2/repository"/>
    <property name="java.vendor.url.bug" value="https://bugreport.java.com/bugreport/"/>
    <property name="java.io.tmpdir" value="/var/folders/5d/1sj9b2jx6z9c6tbmw0rmf0x80000gp/T/"/>
    <property name="idea.version" value="2023.2"/>
    <property name="com.zaxxer.hikari.pool_number" value="1"/>
    <property name="java.version" value="20.0.2"/>
    <property name="user.dir" value="/Users/parveshbhardwaj/Documents/citizen/pocs/demo-testcontainers"/>
    <property name="os.arch" value="x86_64"/>
    <property name="java.vm.specification.name" value="Java Virtual Machine Specification"/>
    <property name="PID" value="84596"/>
    <property name="CONSOLE_LOG_CHARSET" value="UTF-8"/>
    <property name="native.encoding" value="US-ASCII"/>
    <property name="java.library.path" value="/Users/parveshbhardwaj/Library/Java/Extensions:/Library/Java/Extensions:/Network/Library/Java/Extensions:/System/Library/Java/Extensions:/usr/lib/java:."/>
    <property name="java.vm.info" value="mixed mode, sharing"/>
    <property name="stderr.encoding" value="US-ASCII"/>
    <property name="java.vendor" value="Oracle Corporation"/>
    <property name="java.vm.version" value="20.0.2+9-78"/>
    <property name="sun.io.unicode.encoding" value="UnicodeBig"/>
    <property name="java.class.version" value="64.0"/>
  </properties>
  <testcase name="testPlayerSaveAndFindById" classname="com.example.testcontainers.demo.player.PlayerRepositoryTest" time="2.06">
    <system-out><![CDATA[15:39:43.759 [main] INFO org.springframework.test.context.support.AnnotationConfigContextLoaderUtils -- Could not detect default configuration classes for test class [com.example.testcontainers.demo.player.PlayerRepositoryTest]: PlayerRepositoryTest does not declare any static, non-private, non-final, nested classes annotated with @Configuration.
15:39:44.280 [main] INFO org.testcontainers.utility.ImageNameSubstitutor -- Image name substitution will be performed by: DefaultImageNameSubstitutor (composite of 'ConfigurationFileImageNameSubstitutor' and 'PrefixingImageNameSubstitutor')
15:39:45.276 [main] INFO org.testcontainers.dockerclient.DockerClientProviderStrategy -- Loaded org.testcontainers.dockerclient.UnixSocketClientProviderStrategy from ~/.testcontainers.properties, will try it first
15:39:46.679 [main] INFO org.testcontainers.dockerclient.DockerClientProviderStrategy -- Found Docker environment with local Unix socket (unix:///var/run/docker.sock)
15:39:46.699 [main] INFO org.testcontainers.DockerClientFactory -- Docker host IP address is localhost
15:39:46.890 [main] INFO org.testcontainers.DockerClientFactory -- Connected to docker: 
  Server Version: 20.10.23
  API Version: 1.41
  Operating System: Docker Desktop
  Total Memory: 7859 MB
15:39:47.244 [main] INFO tc.testcontainers/ryuk:0.5.1 -- Creating container for image: testcontainers/ryuk:0.5.1
15:39:49.783 [main] INFO org.testcontainers.utility.RegistryAuthLocator -- Credential helper/store (docker-credential-desktop) does not have credentials for https://index.docker.io/v1/
15:39:50.770 [main] INFO tc.testcontainers/ryuk:0.5.1 -- Container testcontainers/ryuk:0.5.1 is starting: bd1cc9039d9bff21df583e4b8637322ca215db05ebe4a38010d765b3fc2ea3e7
15:40:04.780 [main] INFO tc.testcontainers/ryuk:0.5.1 -- Container testcontainers/ryuk:0.5.1 started in PT17.858182S
15:40:04.919 [main] INFO org.testcontainers.utility.RyukResourceReaper -- Ryuk started - will monitor and terminate Testcontainers containers on JVM exit
15:40:04.919 [main] INFO org.testcontainers.DockerClientFactory -- Checking the system...
15:40:04.921 [main] INFO org.testcontainers.DockerClientFactory -- ✔︎ Docker server version should be at least 1.6.0
15:40:05.999 [main] INFO org.springframework.boot.test.context.SpringBootTestContextBootstrapper -- Found @SpringBootConfiguration com.example.testcontainers.demo.DemoApplication for test class com.example.testcontainers.demo.player.PlayerRepositoryTest
15:40:06.394 [main] INFO tc.postgres:15-alpine -- Creating container for image: postgres:15-alpine
15:40:06.801 [main] INFO tc.postgres:15-alpine -- Container postgres:15-alpine is starting: 894969d5d9e06df51391f5939f8c72143949764927ffa3850d88a81caf950468
15:40:29.502 [main] INFO tc.postgres:15-alpine -- Container postgres:15-alpine started in PT23.106196S
15:40:29.570 [main] INFO tc.postgres:15-alpine -- Container is started (JDBC URL: jdbc:postgresql://localhost:60936/test?loggerLevel=OFF)

  .   ____          _            __ _ _
 /\\ / ___'_ __ _ _(_)_ __  __ _ \ \ \ \
( ( )\___ | '_ | '_| | '_ \/ _` | \ \ \ \
 \\/  ___)| |_)| | | | | || (_| |  ) ) ) )
  '  |____| .__|_| |_|_| |_\__, | / / / /
 =========|_|==============|___/=/_/_/_/
 :: Spring Boot ::                (v3.1.5)

2023-11-29T15:40:33.843+05:30  INFO 84596 --- [           main] c.e.t.demo.player.PlayerRepositoryTest   : Starting PlayerRepositoryTest using Java 20.0.2 with PID 84596 (started by parveshbhardwaj in /Users/parveshbhardwaj/Documents/citizen/pocs/demo-testcontainers)
2023-11-29T15:40:33.849+05:30  INFO 84596 --- [           main] c.e.t.demo.player.PlayerRepositoryTest   : No active profile set, falling back to 1 default profile: "default"
2023-11-29T15:40:37.553+05:30  INFO 84596 --- [           main] .s.d.r.c.RepositoryConfigurationDelegate : Bootstrapping Spring Data JPA repositories in DEFAULT mode.
2023-11-29T15:40:37.926+05:30  INFO 84596 --- [           main] .s.d.r.c.RepositoryConfigurationDelegate : Finished Spring Data repository scanning in 352 ms. Found 1 JPA repository interfaces.
2023-11-29T15:40:44.181+05:30  INFO 84596 --- [           main] liquibase.database                       : Set default schema name to public
2023-11-29T15:40:47.180+05:30  INFO 84596 --- [           main] liquibase.changelog                      : Creating database history table with name: public.databasechangelog
2023-11-29T15:40:47.582+05:30  INFO 84596 --- [           main] liquibase.changelog                      : Reading from public.databasechangelog
2023-11-29T15:40:48.530+05:30  INFO 84596 --- [           main] liquibase.lockservice                    : Successfully acquired change log lock
2023-11-29T15:40:49.156+05:30  INFO 84596 --- [           main] liquibase.command                        : Using deploymentId: 1252649155
2023-11-29T15:40:49.168+05:30  INFO 84596 --- [           main] liquibase.changelog                      : Reading from public.databasechangelog
Running Changeset: db/changelog/changes/create-player-00001.sql::player_table::parvesh
2023-11-29T15:40:49.624+05:30  INFO 84596 --- [           main] liquibase.changelog                      : Custom SQL executed
2023-11-29T15:40:49.751+05:30  INFO 84596 --- [           main] liquibase.changelog                      : ChangeSet db/changelog/changes/create-player-00001.sql::player_table::parvesh ran successfully in 318ms
2023-11-29T15:40:50.039+05:30  INFO 84596 --- [           main] liquibase.util                           : UPDATE SUMMARY
2023-11-29T15:40:50.039+05:30  INFO 84596 --- [           main] liquibase.util                           : Run:                          1
2023-11-29T15:40:50.040+05:30  INFO 84596 --- [           main] liquibase.util                           : Previously run:               0
2023-11-29T15:40:50.040+05:30  INFO 84596 --- [           main] liquibase.util                           : Filtered out:                 0
2023-11-29T15:40:50.041+05:30  INFO 84596 --- [           main] liquibase.util                           : -------------------------------
2023-11-29T15:40:50.042+05:30  INFO 84596 --- [           main] liquibase.util                           : Total change sets:            1


UPDATE SUMMARY
Run:                          1
Previously run:               0
Filtered out:                 0
-------------------------------
Total change sets:            1

2023-11-29T15:40:50.044+05:30  INFO 84596 --- [           main] liquibase.util                           : Update summary generated
2023-11-29T15:40:50.048+05:30  INFO 84596 --- [           main] liquibase.command                        : Update command completed successfully.
Liquibase: Update has been successful. Rows affected: 1
2023-11-29T15:40:50.146+05:30  INFO 84596 --- [           main] liquibase.lockservice                    : Successfully released change log lock
2023-11-29T15:40:50.156+05:30  INFO 84596 --- [           main] liquibase.command                        : Command execution complete
2023-11-29T15:40:50.407+05:30  INFO 84596 --- [           main] com.zaxxer.hikari.HikariDataSource       : HikariPool-1 - Starting...
2023-11-29T15:40:50.960+05:30  INFO 84596 --- [           main] com.zaxxer.hikari.pool.HikariPool        : HikariPool-1 - Added connection org.postgresql.jdbc.PgConnection@34beadce
2023-11-29T15:40:50.968+05:30  INFO 84596 --- [           main] com.zaxxer.hikari.HikariDataSource       : HikariPool-1 - Start completed.
2023-11-29T15:40:51.407+05:30  INFO 84596 --- [           main] o.hibernate.jpa.internal.util.LogHelper  : HHH000204: Processing PersistenceUnitInfo [name: default]
2023-11-29T15:40:52.275+05:30  INFO 84596 --- [           main] org.hibernate.Version                    : HHH000412: Hibernate ORM core version 6.2.13.Final
2023-11-29T15:40:52.286+05:30  INFO 84596 --- [           main] org.hibernate.cfg.Environment            : HHH000406: Using bytecode reflection optimizer
2023-11-29T15:40:55.631+05:30  INFO 84596 --- [           main] o.s.o.j.p.SpringPersistenceUnitInfo      : No LoadTimeWeaver setup: ignoring JPA class transformer
2023-11-29T15:40:59.750+05:30  INFO 84596 --- [           main] o.h.e.t.j.p.i.JtaPlatformInitiator       : HHH000489: No JTA platform available (set 'hibernate.transaction.jta.platform' to enable JTA platform integration)
2023-11-29T15:40:59.759+05:30  INFO 84596 --- [           main] j.LocalContainerEntityManagerFactoryBean : Initialized JPA EntityManagerFactory for persistence unit 'default'
2023-11-29T15:41:00.897+05:30  INFO 84596 --- [           main] c.e.t.demo.player.PlayerRepositoryTest   : Started PlayerRepositoryTest in 30.145 seconds (process running for 81.266)
Hibernate: insert into players (catches,name,playerid,runs,wickets) values (?,?,?,?,?)
]]></system-out>
  </testcase>
  <testcase name="testPlayerCRUD" classname="com.example.testcontainers.demo.player.PlayerRepositoryTest" time="0.762">
    <system-out><![CDATA[Hibernate: insert into players (catches,name,playerid,runs,wickets) values (?,?,?,?,?)
Hibernate: select p1_0.id,p1_0.catches,p1_0.name,p1_0.playerid,p1_0.runs,p1_0.wickets from players p1_0 where p1_0.playerid=?
]]></system-out>
  </testcase>
</testsuite>